#
# A fatal error has been detected by the Java Runtime Environment:
#
#  EXCEPTION_ACCESS_VIOLATION (0xc0000005) at pc=0x0000000059897c6d, pid=13828, tid=0x0000000000004a0c
#
# JRE version: Java(TM) SE Runtime Environment (8.0_211-b12) (build 1.8.0_211-b12)
# Java VM: Java HotSpot(TM) 64-Bit Server VM (25.211-b12 mixed mode windows-amd64 compressed oops)
# Problematic frame:
# V  [jvm.dll+0xf7c6d]
#
# Failed to write core dump. Minidumps are not enabled by default on client versions of Windows
#
# If you would like to submit a bug report, please visit:
#   http://bugreport.java.com/bugreport/crash.jsp
#

---------------  T H R E A D  ---------------

Current thread (0x0000000018115800):  VMThread [stack: 0x0000000019e20000,0x0000000019f20000] [id=18956]

siginfo: ExceptionCode=0xc0000005, reading address 0x0000000000000010

Registers:
RAX=0x00000000000000ff, RBX=0x0000000000000000, RCX=0x0000000000000000, RDX=0x0000000021b28ef8
RSP=0x0000000019f1f4a0, RBP=0x0000000019f1f5d0, RSI=0x0000000000000017, RDI=0x0000000021b27f48
R8 =0x000000000314d000, R9 =0x0000000000000003, R10=0x0000000000000003, R11=0x0000000021b284e6
R12=0x0000000019f1f660, R13=0x0000000019f1f650, R14=0x0000000000000000, R15=0x0000000000000000
RIP=0x0000000059897c6d, EFLAGS=0x0000000000010202

Top of Stack: (sp=0x0000000019f1f4a0)
0x0000000019f1f4a0:   00000000000000b8 0000000019f1f5d0
0x0000000019f1f4b0:   00000000000000b8 0000000019f1f670
0x0000000019f1f4c0:   0000000000000017 00000000599753a0
0x0000000019f1f4d0:   0000000000000000 00000000000000b8
0x0000000019f1f4e0:   00000000000000bb 000000001a34ff40
0x0000000019f1f4f0:   0000000003a45fd8 0000000003a45cc4
0x0000000019f1f500:   0000000003a45d38 0000000059aa1bde
0x0000000019f1f510:   0000000003a45fd7 000000000000000a
0x0000000019f1f520:   0000000019f1f518 00007ffc2c010000
0x0000000019f1f530:   0000000003a45d40 00000000598319cd
0x0000000019f1f540:   0000a23fbee4f703 0000000003a45d40
0x0000000019f1f550:   0000000000020338 000000001a350810
0x0000000019f1f560:   00000000032661a0 00000000598320f4
0x0000000019f1f570:   000000000321e460 000000005983fbfe
0x0000000019f1f580:   000000001a357f28 0000000000000000
0x0000000019f1f590:   000000001a34ff40 000000005983fdbb 

Instructions: (pc=0x0000000059897c6d)
0x0000000059897c4d:   0f b7 d8 48 63 c3 0f b7 44 c7 50 48 8b 44 c7 50
0x0000000059897c5d:   48 89 44 24 30 f6 d0 48 8b 4c 24 30 a8 01 74 0f
0x0000000059897c6d:   48 8b 41 10 48 8b 5c 24 38 48 83 c4 20 5f c3 48
0x0000000059897c7d:   8b 5c 24 38 48 83 e1 fe 48 8b c1 48 83 c4 20 5f 


Register to memory mapping:

RAX=0x00000000000000ff is an unknown value
RBX=0x0000000000000000 is an unknown value
RCX=0x0000000000000000 is an unknown value
RDX=0x0000000021b28ef8 is pointing into metadata
RSP=0x0000000019f1f4a0 is an unknown value
RBP=0x0000000019f1f5d0 is an unknown value
RSI=0x0000000000000017 is an unknown value
RDI=0x0000000021b27f48 is pointing into metadata
R8 =0x000000000314d000 is an unknown value
R9 =0x0000000000000003 is an unknown value
R10=0x0000000000000003 is an unknown value
R11=0x0000000021b284e6 is pointing into metadata
R12=0x0000000019f1f660 is an unknown value
R13=0x0000000019f1f650 is an unknown value
R14=0x0000000000000000 is an unknown value
R15=0x0000000000000000 is an unknown value


Stack: [0x0000000019e20000,0x0000000019f20000],  sp=0x0000000019f1f4a0,  free space=1021k
Native frames: (J=compiled Java code, j=interpreted, Vv=VM code, C=native code)
V  [jvm.dll+0xf7c6d]
V  [jvm.dll+0x1d53a0]
V  [jvm.dll+0x1d62f2]
V  [jvm.dll+0x1c3cb4]
V  [jvm.dll+0x1c8e47]
V  [jvm.dll+0x1c93bb]
V  [jvm.dll+0x24d5f7]
V  [jvm.dll+0x24c896]
V  [jvm.dll+0x24cd31]
V  [jvm.dll+0x24cf4e]
V  [jvm.dll+0x29fc6a]
C  [msvcr100.dll+0x21d9f]
C  [msvcr100.dll+0x21e3b]
C  [KERNEL32.DLL+0x17bd4]
C  [ntdll.dll+0x6ced1]

VM_Operation (0x000000001ac7f2e0): RedefineClasses, mode: safepoint, requested by thread 0x000000001a060800, redefining class com.example.demo_rest.controllers.UserController



---------------  P R O C E S S  ---------------

Java Threads: ( => current thread )
  0x000000001f7ee000 JavaThread "DestroyJavaVM" [_thread_blocked, id=20212, stack(0x0000000003020000,0x0000000003120000)]
  0x000000001f7ec800 JavaThread "http-nio-8080-Acceptor" daemon [_thread_in_native, id=16784, stack(0x0000000021690000,0x0000000021790000)]
  0x000000001f7ea800 JavaThread "http-nio-8080-ClientPoller" daemon [_thread_in_native, id=1096, stack(0x0000000021590000,0x0000000021690000)]
  0x000000001f7ec000 JavaThread "http-nio-8080-exec-10" daemon [_thread_blocked, id=11632, stack(0x0000000021490000,0x0000000021590000)]
  0x000000001f7ef000 JavaThread "http-nio-8080-exec-9" daemon [_thread_blocked, id=11276, stack(0x0000000021390000,0x0000000021490000)]
  0x000000001f7eb000 JavaThread "http-nio-8080-exec-8" daemon [_thread_blocked, id=7472, stack(0x0000000021290000,0x0000000021390000)]
  0x000000001f7ef800 JavaThread "http-nio-8080-exec-7" daemon [_thread_blocked, id=11116, stack(0x0000000021190000,0x0000000021290000)]
  0x000000001f7ed800 JavaThread "http-nio-8080-exec-6" daemon [_thread_blocked, id=5008, stack(0x0000000021090000,0x0000000021190000)]
  0x000000001f7f1000 JavaThread "http-nio-8080-exec-5" daemon [_thread_blocked, id=6228, stack(0x0000000020f90000,0x0000000021090000)]
  0x000000001f7f0800 JavaThread "http-nio-8080-exec-4" daemon [_thread_blocked, id=6884, stack(0x0000000020e90000,0x0000000020f90000)]
  0x000000001f7e5800 JavaThread "http-nio-8080-exec-3" daemon [_thread_blocked, id=17536, stack(0x0000000020d90000,0x0000000020e90000)]
  0x000000001f7e5000 JavaThread "http-nio-8080-exec-2" daemon [_thread_blocked, id=11676, stack(0x0000000020c90000,0x0000000020d90000)]
  0x000000001f7e4000 JavaThread "http-nio-8080-exec-1" daemon [_thread_blocked, id=12164, stack(0x0000000020b90000,0x0000000020c90000)]
  0x000000001f71a800 JavaThread "http-nio-8080-BlockPoller" daemon [_thread_in_native, id=3140, stack(0x0000000020a90000,0x0000000020b90000)]
  0x000000001d13a000 JavaThread "container-0" [_thread_blocked, id=1880, stack(0x000000001e7c0000,0x000000001e8c0000)]
  0x000000001d128800 JavaThread "Catalina-utility-2" [_thread_blocked, id=4940, stack(0x000000001e5c0000,0x000000001e6c0000)]
  0x000000001d0d1800 JavaThread "Catalina-utility-1" [_thread_blocked, id=13360, stack(0x000000001c2f0000,0x000000001c3f0000)]
  0x000000001b742800 JavaThread "RMI TCP Accept-0" daemon [_thread_in_native, id=4888, stack(0x000000001bd80000,0x000000001be80000)]
  0x000000001b73c000 JavaThread "RMI TCP Accept-56325" daemon [_thread_in_native, id=19800, stack(0x000000001bc80000,0x000000001bd80000)]
  0x000000001b720000 JavaThread "RMI TCP Accept-0" daemon [_thread_in_native, id=10744, stack(0x000000001bb80000,0x000000001bc80000)]
  0x000000001a117800 JavaThread "Service Thread" daemon [_thread_blocked, id=12128, stack(0x000000001b280000,0x000000001b380000)]
  0x000000001a08c800 JavaThread "C1 CompilerThread3" daemon [_thread_blocked, id=7912, stack(0x000000001b180000,0x000000001b280000)]
  0x000000001a087800 JavaThread "C2 CompilerThread2" daemon [_thread_blocked, id=2248, stack(0x000000001b080000,0x000000001b180000)]
  0x000000001a085000 JavaThread "C2 CompilerThread1" daemon [_thread_blocked, id=4764, stack(0x000000001af80000,0x000000001b080000)]
  0x000000001a07f000 JavaThread "C2 CompilerThread0" daemon [_thread_blocked, id=9812, stack(0x000000001ae80000,0x000000001af80000)]
  0x000000001a06f800 JavaThread "JDWP Command Reader" daemon [_thread_in_native, id=3276, stack(0x000000001ad80000,0x000000001ae80000)]
  0x000000001a06c000 JavaThread "JDWP Event Helper Thread" daemon [_thread_blocked, id=14896, stack(0x000000001ac80000,0x000000001ad80000)]
  0x000000001a060800 JavaThread "JDWP Transport Listener: dt_socket" daemon [_thread_blocked, id=16036, stack(0x000000001ab80000,0x000000001ac80000)]
  0x000000001a054800 JavaThread "Attach Listener" daemon [_thread_blocked, id=11160, stack(0x000000001a740000,0x000000001a840000)]
  0x000000001a052800 JavaThread "Signal Dispatcher" daemon [_thread_blocked, id=16120, stack(0x000000001a640000,0x000000001a740000)]
  0x000000001a040800 JavaThread "Finalizer" daemon [_thread_blocked, id=19672, stack(0x000000001a420000,0x000000001a520000)]
  0x0000000018120800 JavaThread "Reference Handler" daemon [_thread_blocked, id=20736, stack(0x0000000019f20000,0x000000001a020000)]

Other Threads:
=>0x0000000018115800 VMThread [stack: 0x0000000019e20000,0x0000000019f20000] [id=18956]
  0x000000001b745800 WatcherThread [stack: 0x000000001bff0000,0x000000001c0f0000] [id=16828]

VM state:at safepoint (normal execution)

VM Mutex/Monitor currently owned by a thread:  ([mutex/lock_event])
[0x0000000003127900] Threads_lock - owner thread: 0x0000000018115800

heap address: 0x0000000082600000, size: 2010 MB, Compressed Oops mode: 32-bit
Narrow klass base: 0x0000000000000000, Narrow klass shift: 3
Compressed class space size: 1073741824 Address: 0x0000000100000000

Heap:
 PSYoungGen      total 252416K, used 25498K [0x00000000d6200000, 0x00000000ed000000, 0x0000000100000000)
  eden space 238592K, 4% used [0x00000000d6200000,0x00000000d6d6b1c8,0x00000000e4b00000)
  from space 13824K, 99% used [0x00000000e4b00000,0x00000000e587b8b8,0x00000000e5880000)
  to   space 19968K, 0% used [0x00000000ebc80000,0x00000000ebc80000,0x00000000ed000000)
 ParOldGen       total 70144K, used 29357K [0x0000000082600000, 0x0000000086a80000, 0x00000000d6200000)
  object space 70144K, 41% used [0x0000000082600000,0x00000000842ab438,0x0000000086a80000)
 Metaspace       used 53846K, capacity 57146K, committed 57344K, reserved 1097728K
  class space    used 7787K, capacity 8353K, committed 8448K, reserved 1048576K

Card table byte_map: [0x00000000125e0000,0x00000000129d0000] byte_map_base: 0x00000000121cd000

Marking Bits: (ParMarkBitMap*) 0x0000000059fc5ce0
 Begin Bits: [0x0000000013470000, 0x00000000153d8000)
 End Bits:   [0x00000000153d8000, 0x0000000017340000)

Polling page: 0x0000000001190000

CodeCache: size=245760Kb used=8316Kb max_used=8339Kb free=237443Kb
 bounds [0x0000000003220000, 0x0000000003a50000, 0x0000000012220000]
 total_blobs=4727 nmethods=4181 adapters=466
 compilation: enabled

Compilation events (10 events):
Event: 260.104 Thread 0x000000001a08c800 4231       1       java.util.concurrent.atomic.AtomicLong::getAndSet (12 bytes)
Event: 260.104 Thread 0x000000001a08c800 nmethod 4231 0x0000000003627950 code [0x0000000003627aa0, 0x0000000003627bb0]
Event: 260.104 Thread 0x000000001a08c800 4232       1       sun.misc.Unsafe::getAndSetLong (24 bytes)
Event: 260.105 Thread 0x000000001a08c800 nmethod 4232 0x0000000003627610 code [0x0000000003627760, 0x00000000036278b0]
Event: 261.120 Thread 0x000000001a08c800 4233   !   1       org.apache.tomcat.util.net.NioEndpoint$Poller::timeout (583 bytes)
Event: 261.124 Thread 0x000000001a08c800 nmethod 4233 0x0000000003624c90 code [0x0000000003624fe0, 0x0000000003626098]
Event: 264.103 Thread 0x000000001a08c800 4234       1       org.apache.coyote.AbstractProtocol$2::run (49 bytes)
Event: 264.104 Thread 0x000000001a08c800 nmethod 4234 0x0000000003624750 code [0x00000000036248e0, 0x0000000003624b18]
Event: 269.243 Thread 0x000000001a08c800 4235       1       sun.nio.ch.SelectorImpl::keys (28 bytes)
Event: 269.243 Thread 0x000000001a08c800 nmethod 4235 0x00000000036242d0 code [0x0000000003624440, 0x0000000003624618]

GC Heap History (10 events):
Event: 2.153 GC heap before
{Heap before GC invocations=7 (full 1):
 PSYoungGen      total 139776K, used 5234K [0x00000000d6200000, 0x00000000df300000, 0x0000000100000000)
  eden space 131072K, 0% used [0x00000000d6200000,0x00000000d6200000,0x00000000de200000)
  from space 8704K, 60% used [0x00000000dea80000,0x00000000def9cb10,0x00000000df300000)
  to   space 8704K, 0% used [0x00000000de200000,0x00000000de200000,0x00000000dea80000)
 ParOldGen       total 86016K, used 6642K [0x0000000082600000, 0x0000000087a00000, 0x00000000d6200000)
  object space 86016K, 7% used [0x0000000082600000,0x0000000082c7ca78,0x0000000087a00000)
 Metaspace       used 20468K, capacity 21184K, committed 21296K, reserved 1067008K
  class space    used 2743K, capacity 2922K, committed 2944K, reserved 1048576K
Event: 2.184 GC heap after
Heap after GC invocations=7 (full 1):
 PSYoungGen      total 139776K, used 0K [0x00000000d6200000, 0x00000000df300000, 0x0000000100000000)
  eden space 131072K, 0% used [0x00000000d6200000,0x00000000d6200000,0x00000000de200000)
  from space 8704K, 0% used [0x00000000dea80000,0x00000000dea80000,0x00000000df300000)
  to   space 8704K, 0% used [0x00000000de200000,0x00000000de200000,0x00000000dea80000)
 ParOldGen       total 46080K, used 5745K [0x0000000082600000, 0x0000000085300000, 0x00000000d6200000)
  object space 46080K, 12% used [0x0000000082600000,0x0000000082b9c7e8,0x0000000085300000)
 Metaspace       used 20467K, capacity 21178K, committed 21296K, reserved 1067008K
  class space    used 2742K, capacity 2921K, committed 2944K, reserved 1048576K
}
Event: 3.594 GC heap before
{Heap before GC invocations=8 (full 1):
 PSYoungGen      total 139776K, used 131072K [0x00000000d6200000, 0x00000000df300000, 0x0000000100000000)
  eden space 131072K, 100% used [0x00000000d6200000,0x00000000de200000,0x00000000de200000)
  from space 8704K, 0% used [0x00000000dea80000,0x00000000dea80000,0x00000000df300000)
  to   space 8704K, 0% used [0x00000000de200000,0x00000000de200000,0x00000000dea80000)
 ParOldGen       total 46080K, used 5745K [0x0000000082600000, 0x0000000085300000, 0x00000000d6200000)
  object space 46080K, 12% used [0x0000000082600000,0x0000000082b9c7e8,0x0000000085300000)
 Metaspace       used 26206K, capacity 27562K, committed 27776K, reserved 1073152K
  class space    used 3640K, capacity 3919K, committed 3968K, reserved 1048576K
Event: 3.608 GC heap after
Heap after GC invocations=8 (full 1):
 PSYoungGen      total 139776K, used 8682K [0x00000000d6200000, 0x00000000e6500000, 0x0000000100000000)
  eden space 131072K, 0% used [0x00000000d6200000,0x00000000d6200000,0x00000000de200000)
  from space 8704K, 99% used [0x00000000de200000,0x00000000dea7a948,0x00000000dea80000)
  to   space 11264K, 0% used [0x00000000e5a00000,0x00000000e5a00000,0x00000000e6500000)
 ParOldGen       total 46080K, used 8769K [0x0000000082600000, 0x0000000085300000, 0x00000000d6200000)
  object space 46080K, 19% used [0x0000000082600000,0x0000000082e90778,0x0000000085300000)
 Metaspace       used 26206K, capacity 27562K, committed 27776K, reserved 1073152K
  class space    used 3640K, capacity 3919K, committed 3968K, reserved 1048576K
}
Event: 4.883 GC heap before
{Heap before GC invocations=9 (full 1):
 PSYoungGen      total 139776K, used 126676K [0x00000000d6200000, 0x00000000e6500000, 0x0000000100000000)
  eden space 131072K, 90% used [0x00000000d6200000,0x00000000dd53a9a0,0x00000000de200000)
  from space 8704K, 99% used [0x00000000de200000,0x00000000dea7a948,0x00000000dea80000)
  to   space 11264K, 0% used [0x00000000e5a00000,0x00000000e5a00000,0x00000000e6500000)
 ParOldGen       total 46080K, used 8769K [0x0000000082600000, 0x0000000085300000, 0x00000000d6200000)
  object space 46080K, 19% used [0x0000000082600000,0x0000000082e90778,0x0000000085300000)
 Metaspace       used 33373K, capacity 35366K, committed 35496K, reserved 1079296K
  class space    used 4695K, capacity 5083K, committed 5120K, reserved 1048576K
Event: 4.905 GC heap after
Heap after GC invocations=9 (full 1):
 PSYoungGen      total 249856K, used 11246K [0x00000000d6200000, 0x00000000e6600000, 0x0000000100000000)
  eden space 238592K, 0% used [0x00000000d6200000,0x00000000d6200000,0x00000000e4b00000)
  from space 11264K, 99% used [0x00000000e5a00000,0x00000000e64fbaa0,0x00000000e6500000)
  to   space 13824K, 0% used [0x00000000e4b00000,0x00000000e4b00000,0x00000000e5880000)
 ParOldGen       total 46080K, used 11545K [0x0000000082600000, 0x0000000085300000, 0x00000000d6200000)
  object space 46080K, 25% used [0x0000000082600000,0x0000000083146640,0x0000000085300000)
 Metaspace       used 33373K, capacity 35366K, committed 35496K, reserved 1079296K
  class space    used 4695K, capacity 5083K, committed 5120K, reserved 1048576K
}
Event: 4.905 GC heap before
{Heap before GC invocations=10 (full 2):
 PSYoungGen      total 249856K, used 11246K [0x00000000d6200000, 0x00000000e6600000, 0x0000000100000000)
  eden space 238592K, 0% used [0x00000000d6200000,0x00000000d6200000,0x00000000e4b00000)
  from space 11264K, 99% used [0x00000000e5a00000,0x00000000e64fbaa0,0x00000000e6500000)
  to   space 13824K, 0% used [0x00000000e4b00000,0x00000000e4b00000,0x00000000e5880000)
 ParOldGen       total 46080K, used 11545K [0x0000000082600000, 0x0000000085300000, 0x00000000d6200000)
  object space 46080K, 25% used [0x0000000082600000,0x0000000083146640,0x0000000085300000)
 Metaspace       used 33373K, capacity 35366K, committed 35496K, reserved 1079296K
  class space    used 4695K, capacity 5083K, committed 5120K, reserved 1048576K
Event: 4.998 GC heap after
Heap after GC invocations=10 (full 2):
 PSYoungGen      total 249856K, used 0K [0x00000000d6200000, 0x00000000e6600000, 0x0000000100000000)
  eden space 238592K, 0% used [0x00000000d6200000,0x00000000d6200000,0x00000000e4b00000)
  from space 11264K, 0% used [0x00000000e5a00000,0x00000000e5a00000,0x00000000e6500000)
  to   space 13824K, 0% used [0x00000000e4b00000,0x00000000e4b00000,0x00000000e5880000)
 ParOldGen       total 70144K, used 18564K [0x0000000082600000, 0x0000000086a80000, 0x00000000d6200000)
  object space 70144K, 26% used [0x0000000082600000,0x0000000083821078,0x0000000086a80000)
 Metaspace       used 33373K, capacity 35366K, committed 35496K, reserved 1079296K
  class space    used 4695K, capacity 5083K, committed 5120K, reserved 1048576K
}
Event: 96.880 GC heap before
{Heap before GC invocations=11 (full 2):
 PSYoungGen      total 249856K, used 238592K [0x00000000d6200000, 0x00000000e6600000, 0x0000000100000000)
  eden space 238592K, 100% used [0x00000000d6200000,0x00000000e4b00000,0x00000000e4b00000)
  from space 11264K, 0% used [0x00000000e5a00000,0x00000000e5a00000,0x00000000e6500000)
  to   space 13824K, 0% used [0x00000000e4b00000,0x00000000e4b00000,0x00000000e5880000)
 ParOldGen       total 70144K, used 18564K [0x0000000082600000, 0x0000000086a80000, 0x00000000d6200000)
  object space 70144K, 26% used [0x0000000082600000,0x0000000083821078,0x0000000086a80000)
 Metaspace       used 53829K, capacity 57082K, committed 57344K, reserved 1097728K
  class space    used 7785K, capacity 8353K, committed 8448K, reserved 1048576K
Event: 96.917 GC heap after
Heap after GC invocations=11 (full 2):
 PSYoungGen      total 252416K, used 13806K [0x00000000d6200000, 0x00000000ed000000, 0x0000000100000000)
  eden space 238592K, 0% used [0x00000000d6200000,0x00000000d6200000,0x00000000e4b00000)
  from space 13824K, 99% used [0x00000000e4b00000,0x00000000e587b8b8,0x00000000e5880000)
  to   space 19968K, 0% used [0x00000000ebc80000,0x00000000ebc80000,0x00000000ed000000)
 ParOldGen       total 70144K, used 29357K [0x0000000082600000, 0x0000000086a80000, 0x00000000d6200000)
  object space 70144K, 41% used [0x0000000082600000,0x00000000842ab438,0x0000000086a80000)
 Metaspace       used 53829K, capacity 57082K, committed 57344K, reserved 1097728K
  class space    used 7785K, capacity 8353K, committed 8448K, reserved 1048576K
}

Deoptimization events (0 events):
No events

Classes redefined (2 events):
Event: 147.102 Thread 0x0000000018115800 redefined class name=com.example.demo_rest.DemoRestApplication, count=1
Event: 274.623 Thread 0x0000000018115800 redefined class name=com.example.demo_rest.controllers.UserController, count=1

Internal exceptions (10 events):
Event: 8.022 Thread 0x000000000312a800 Exception <a 'java/lang/ArrayIndexOutOfBoundsException'> (0x00000000e1eac6b8) thrown at [C:\re\workspace\8-2-build-windows-amd64-cygwin\jdk8u211\12973\hotspot\src\share\vm\runtime\sharedRuntime.cpp, line 605]
Event: 8.031 Thread 0x000000000312a800 Exception <a 'java/lang/ArrayIndexOutOfBoundsException'> (0x00000000e1f44fb8) thrown at [C:\re\workspace\8-2-build-windows-amd64-cygwin\jdk8u211\12973\hotspot\src\share\vm\runtime\sharedRuntime.cpp, line 605]
Event: 8.031 Thread 0x000000000312a800 Exception <a 'java/lang/ArrayIndexOutOfBoundsException'> (0x00000000e1f47e20) thrown at [C:\re\workspace\8-2-build-windows-amd64-cygwin\jdk8u211\12973\hotspot\src\share\vm\runtime\sharedRuntime.cpp, line 605]
Event: 8.035 Thread 0x000000000312a800 Exception <a 'java/lang/IncompatibleClassChangeError': Found class java.lang.Object, but interface was expected> (0x00000000e1f8ca10) thrown at [C:\re\workspace\8-2-build-windows-amd64-cygwin\jdk8u211\12973\hotspot\src\share\vm\interpreter\linkResolver.cp
Event: 49.203 Thread 0x000000001f7e5000 Exception <a 'java/lang/NoSuchMethodError': java.lang.Object.lambda$builder$1(Ljava/lang/String;)Lio/micrometer/core/instrument/Timer$Builder;> (0x00000000e3cd01b0) thrown at [C:\re\workspace\8-2-build-windows-amd64-cygwin\jdk8u211\12973\hotspot\src\share
Event: 49.235 Thread 0x000000001f7e5000 Exception <a 'java/lang/ArrayIndexOutOfBoundsException'> (0x00000000e3e9ecb0) thrown at [C:\re\workspace\8-2-build-windows-amd64-cygwin\jdk8u211\12973\hotspot\src\share\vm\runtime\sharedRuntime.cpp, line 605]
Event: 49.235 Thread 0x000000001f7e5000 Exception <a 'java/lang/ArrayIndexOutOfBoundsException'> (0x00000000e3ea0150) thrown at [C:\re\workspace\8-2-build-windows-amd64-cygwin\jdk8u211\12973\hotspot\src\share\vm\runtime\sharedRuntime.cpp, line 605]
Event: 49.243 Thread 0x000000001f7e5000 Exception <a 'java/lang/ArrayIndexOutOfBoundsException'> (0x00000000e3f3dd90) thrown at [C:\re\workspace\8-2-build-windows-amd64-cygwin\jdk8u211\12973\hotspot\src\share\vm\runtime\sharedRuntime.cpp, line 605]
Event: 49.302 Thread 0x000000001f7e5000 Exception <a 'java/lang/ArrayIndexOutOfBoundsException'> (0x00000000e43ece00) thrown at [C:\re\workspace\8-2-build-windows-amd64-cygwin\jdk8u211\12973\hotspot\src\share\vm\runtime\sharedRuntime.cpp, line 605]
Event: 49.307 Thread 0x000000001f7e5000 Exception <a 'java/lang/ArrayIndexOutOfBoundsException'> (0x00000000e4466f08) thrown at [C:\re\workspace\8-2-build-windows-amd64-cygwin\jdk8u211\12973\hotspot\src\share\vm\runtime\sharedRuntime.cpp, line 605]

Events (10 events):
Event: 124.651 Thread 0x000000001a08c800 flushing nmethod 0x0000000003712a50
Event: 128.042 Thread 0x000000001a08c800 flushing nmethod 0x00000000037f8210
Event: 128.042 Thread 0x000000001a08c800 flushing nmethod 0x0000000003844290
Event: 147.077 Executing VM operation: RedefineClasses
Event: 147.103 Executing VM operation: RedefineClasses done
Event: 274.591 Executing VM operation: RedefineClasses
Event: 274.624 Executing VM operation: RedefineClasses done
Event: 274.639 Executing VM operation: ChangeBreakpoints
Event: 274.642 Executing VM operation: ChangeBreakpoints done
Event: 285.885 Executing VM operation: RedefineClasses


Dynamic libraries:
0x00007ff65aef0000 - 0x00007ff65af27000 	C:\Program Files\Java\jre1.8.0_211\bin\javaw.exe
0x00007ffc2cf20000 - 0x00007ffc2d110000 	C:\WINDOWS\SYSTEM32\ntdll.dll
0x00007ffc2b660000 - 0x00007ffc2b712000 	C:\WINDOWS\System32\KERNEL32.DLL
0x00007ffc2a4d0000 - 0x00007ffc2a773000 	C:\WINDOWS\System32\KERNELBASE.dll
0x00007ffc2c080000 - 0x00007ffc2c123000 	C:\WINDOWS\System32\ADVAPI32.dll
0x00007ffc2b530000 - 0x00007ffc2b5ce000 	C:\WINDOWS\System32\msvcrt.dll
0x00007ffc2b820000 - 0x00007ffc2b8b7000 	C:\WINDOWS\System32\sechost.dll
0x00007ffc2cdc0000 - 0x00007ffc2cee0000 	C:\WINDOWS\System32\RPCRT4.dll
0x00007ffc2b2a0000 - 0x00007ffc2b434000 	C:\WINDOWS\System32\USER32.dll
0x00007ffc2a1d0000 - 0x00007ffc2a1f1000 	C:\WINDOWS\System32\win32u.dll
0x00007ffc2b230000 - 0x00007ffc2b256000 	C:\WINDOWS\System32\GDI32.dll
0x00007ffc29f30000 - 0x00007ffc2a0c4000 	C:\WINDOWS\System32\gdi32full.dll
0x00007ffc2a2b0000 - 0x00007ffc2a34e000 	C:\WINDOWS\System32\msvcp_win.dll
0x00007ffc2a0d0000 - 0x00007ffc2a1ca000 	C:\WINDOWS\System32\ucrtbase.dll
0x00007ffc103e0000 - 0x00007ffc10665000 	C:\WINDOWS\WinSxS\amd64_microsoft.windows.common-controls_6595b64144ccf1df_6.0.18362.476_none_e6c4b11b130f2595\COMCTL32.dll
0x00007ffc2c130000 - 0x00007ffc2c466000 	C:\WINDOWS\System32\combase.dll
0x00007ffc29eb0000 - 0x00007ffc29f30000 	C:\WINDOWS\System32\bcryptPrimitives.dll
0x00007ffc2b720000 - 0x00007ffc2b74e000 	C:\WINDOWS\System32\IMM32.DLL
0x000000005a370000 - 0x000000005a442000 	C:\Program Files\Java\jre1.8.0_211\bin\msvcr100.dll
0x00000000597a0000 - 0x000000005a045000 	C:\Program Files\Java\jre1.8.0_211\bin\server\jvm.dll
0x00007ffc2b270000 - 0x00007ffc2b278000 	C:\WINDOWS\System32\PSAPI.DLL
0x00007ffc27bf0000 - 0x00007ffc27c14000 	C:\WINDOWS\SYSTEM32\WINMM.dll
0x00007ffc1e610000 - 0x00007ffc1e61a000 	C:\WINDOWS\SYSTEM32\VERSION.dll
0x00007ffc13500000 - 0x00007ffc13509000 	C:\WINDOWS\SYSTEM32\WSOCK32.dll
0x00007ffc2b7b0000 - 0x00007ffc2b81f000 	C:\WINDOWS\System32\WS2_32.dll
0x00007ffc27bc0000 - 0x00007ffc27bed000 	C:\WINDOWS\SYSTEM32\winmmbase.dll
0x00007ffc2a260000 - 0x00007ffc2a2aa000 	C:\WINDOWS\System32\cfgmgr32.dll
0x00007ffc237b0000 - 0x00007ffc237bf000 	C:\Program Files\Java\jre1.8.0_211\bin\verify.dll
0x00007ffc23090000 - 0x00007ffc230b9000 	C:\Program Files\Java\jre1.8.0_211\bin\java.dll
0x00007ffc1fab0000 - 0x00007ffc1fae5000 	C:\Program Files\Java\jre1.8.0_211\bin\jdwp.dll
0x00007ffc27cb0000 - 0x00007ffc27cb8000 	C:\Program Files\Java\jre1.8.0_211\bin\npt.dll
0x00007ffc05280000 - 0x00007ffc05296000 	C:\Program Files\Java\jre1.8.0_211\bin\zip.dll
0x00007ffc2b990000 - 0x00007ffc2c075000 	C:\WINDOWS\System32\SHELL32.dll
0x00007ffc2c5a0000 - 0x00007ffc2c649000 	C:\WINDOWS\System32\shcore.dll
0x00007ffc2a850000 - 0x00007ffc2afce000 	C:\WINDOWS\System32\windows.storage.dll
0x00007ffc29e90000 - 0x00007ffc29eaf000 	C:\WINDOWS\System32\profapi.dll
0x00007ffc29e20000 - 0x00007ffc29e6a000 	C:\WINDOWS\System32\powrprof.dll
0x00007ffc29df0000 - 0x00007ffc29e00000 	C:\WINDOWS\System32\UMPDC.dll
0x00007ffc2cc00000 - 0x00007ffc2cc52000 	C:\WINDOWS\System32\shlwapi.dll
0x00007ffc29e70000 - 0x00007ffc29e81000 	C:\WINDOWS\System32\kernel.appcore.dll
0x00007ffc2a780000 - 0x00007ffc2a797000 	C:\WINDOWS\System32\cryptsp.dll
0x00007ffc26dc0000 - 0x00007ffc26dc9000 	C:\Program Files\Java\jre1.8.0_211\bin\dt_socket.dll
0x00007ffc0fca0000 - 0x00007ffc0fcb6000 	C:\WINDOWS\system32\napinsp.dll
0x00007ffc0d4e0000 - 0x00007ffc0d4fa000 	C:\WINDOWS\system32\pnrpnsp.dll
0x00007ffc29600000 - 0x00007ffc29667000 	C:\WINDOWS\System32\mswsock.dll
0x00007ffc29350000 - 0x00007ffc2941a000 	C:\WINDOWS\SYSTEM32\DNSAPI.dll
0x00007ffc2b650000 - 0x00007ffc2b658000 	C:\WINDOWS\System32\NSI.dll
0x00007ffc29310000 - 0x00007ffc2934a000 	C:\WINDOWS\SYSTEM32\IPHLPAPI.DLL
0x00007ffc22e20000 - 0x00007ffc22e2e000 	C:\WINDOWS\System32\winrnr.dll
0x00007ffc24dc0000 - 0x00007ffc24ddc000 	C:\WINDOWS\system32\NLAapi.dll
0x00007ffc27460000 - 0x00007ffc27475000 	C:\WINDOWS\system32\wshbth.dll
0x00007ffc23cd0000 - 0x00007ffc23d47000 	C:\WINDOWS\System32\fwpuclnt.dll
0x00007ffc2a4a0000 - 0x00007ffc2a4c6000 	C:\WINDOWS\System32\bcrypt.dll
0x00007ffc23a50000 - 0x00007ffc23a5a000 	C:\Windows\System32\rasadhlp.dll
0x00007ffc23560000 - 0x00007ffc2356d000 	C:\Program Files\Java\jre1.8.0_211\bin\management.dll
0x00007ffc05260000 - 0x00007ffc0527a000 	C:\Program Files\Java\jre1.8.0_211\bin\net.dll
0x00007ffc1c970000 - 0x00007ffc1cb46000 	C:\WINDOWS\SYSTEM32\urlmon.dll
0x00007ffc1e780000 - 0x00007ffc1ea26000 	C:\WINDOWS\SYSTEM32\iertutil.dll
0x00007ffc297d0000 - 0x00007ffc297dc000 	C:\WINDOWS\SYSTEM32\CRYPTBASE.DLL
0x00007ffc02c70000 - 0x00007ffc02c82000 	C:\Program Files\Java\jre1.8.0_211\bin\nio.dll
0x00007ffc29170000 - 0x00007ffc291a3000 	C:\WINDOWS\system32\rsaenh.dll
0x00007ffc29ce0000 - 0x00007ffc29d05000 	C:\WINDOWS\SYSTEM32\USERENV.dll
0x00007ffc23e00000 - 0x00007ffc23e16000 	C:\WINDOWS\SYSTEM32\dhcpcsvc6.DLL
0x00007ffc24e70000 - 0x00007ffc24e8c000 	C:\WINDOWS\SYSTEM32\dhcpcsvc.DLL
0x00007ffc21f50000 - 0x00007ffc22144000 	C:\WINDOWS\SYSTEM32\dbghelp.dll

VM Arguments:
jvm_args: -agentlib:jdwp=transport=dt_socket,suspend=y,address=localhost:56326 -Dcom.sun.management.jmxremote -Dcom.sun.management.jmxremote.port=56325 -Dcom.sun.management.jmxremote.authenticate=false -Dcom.sun.management.jmxremote.ssl=false -Djava.rmi.server.hostname=localhost -Dspring.jmx.enabled=true -Dspring.liveBeansView.mbeanDomain -Dspring.application.admin.enabled=true -Xverify:none -XX:TieredStopAtLevel=1 -Dfile.encoding=Cp1252 
java_command: com.example.demo_rest.DemoRestApplication --spring.output.ansi.enabled=always
java_class_path (initial): C:\Users\Marquitus\Documents\demo\demo_rest\bin\main;\demo_data\bin\default;C:\Users\Marquitus\Documents\demo\demo_data\bin\main;C:\Users\Marquitus\.gradle\caches\modules-2\files-2.1\org.springframework.boot\spring-boot-starter-data-jpa\2.2.1.RELEASE\dace86df26aaec8a948ffacd7d46d11c366af527\spring-boot-starter-data-jpa-2.2.1.RELEASE.jar;C:\Users\Marquitus\.gradle\caches\modules-2\files-2.1\org.springframework.boot\spring-boot-starter-data-jdbc\2.2.1.RELEASE\3645190dc4e647d0ac1f453aaa8840246abb8888\spring-boot-starter-data-jdbc-2.2.1.RELEASE.jar;C:\Users\Marquitus\.gradle\caches\modules-2\files-2.1\org.springframework.boot\spring-boot-starter-actuator\2.2.1.RELEASE\e3e3721079508ad1c7d057825e43128d525198b\spring-boot-starter-actuator-2.2.1.RELEASE.jar;C:\Users\Marquitus\.gradle\caches\modules-2\files-2.1\org.hibernate\hibernate-entitymanager\5.4.9.Final\69f3d5384eb54fc3ddec466c3a4ce0fb5c6f6dfa\hibernate-entitymanager-5.4.9.Final.jar;C:\Users\Marquitus\.gradle\caches\modules-2\files-2.1\org.hibernate\hibernate-core\5.4.9.Final\6a7efbbe889e9644b163f5cc03936b7e2b360293\hibernate-core-5.4.9.Final.jar;C:\Users\Marquitus\.gradle\caches\modules-2\files-2.1\org.springframework.boot\spring-boot-starter-jdbc\2.2.1.RELEASE\699ae6a7fcb65688f474763ea8233d6cdfa60959\spring-boot-starter-jdbc-2.2.1.RELEASE.jar;C:\Users\Marquitus\.gradle\caches\modules-2\files-2.1\org.springframework.boot\spring-boot-starter-security\2.2.1.RELEASE\e4da6523a76cf59308214a0f76be61ad8659afb7\spring-boot-starter-security-2.2.1.RELEASE.jar;C:\Users\Marquitus\.gradle\caches\modules-2\files-2.1\org.springframework.boot\spring-boot-starter-web\2.2.1.RELEASE\689213aca6e25e2aa9b377e61273aa3d31f30f60\spring-boot-starter-web-2.2.1.RELEASE.jar;C:\Users\Marquitus\.gradle\caches\modules-2\files-2.1\org.springframework.boot\spring-boot-starter-aop\2.2.1.RELEASE\f5f9988e816634100840c7f570763ea7e5e907d9\spring-boot-starter-aop-2.2.1.RELEASE.jar;C:\Users\Marquitus\.gradle\caches\modules-2\fil
Launcher Type: SUN_STANDARD

Environment Variables:
PATH=C:/Program Files/Java/jre1.8.0_211/bin/server;C:/Program Files/Java/jre1.8.0_211/bin;C:/Program Files/Java/jre1.8.0_211/lib/amd64;C:\Program Files (x86)\Common Files\Oracle\Java\javapath;C:\Python27\;C:\Python27\Scripts;C:\Program Files\Microsoft MPI\Bin\;C:\Program Files (x86)\Intel\Intel(R) Management Engine Components\iCLS\;C:\Program Files\Intel\Intel(R) Management Engine Components\iCLS\;C:\Windows\system32;C:\Windows;C:\Windows\System32\Wbem;C:\Windows\System32\WindowsPowerShell\v1.0\;C:\Windows\System32\OpenSSH\;C:\Program Files (x86)\NVIDIA Corporation\PhysX\Common;C:\Program Files (x86)\Intel\Intel(R) Management Engine Components\DAL;C:\Program Files\Intel\Intel(R) Management Engine Components\DAL;C:\Program Files (x86)\Intel\Intel(R) Management Engine Components\IPT;C:\Program Files\Intel\Intel(R) Management Engine Components\IPT;C:\Program Files\dotnet\;C:\Program Files\Microsoft SQL Server\130\Tools\Binn\;C:\Program Files\Intel\WiFi\bin\;C:\Program Files\Common Files\Intel\WirelessCommon\;C:\Program Files (x86)\Microsoft SQL Server\140\Tools\Binn\;C:\Program Files\Microsoft SQL Server\140\Tools\Binn\;C:\Program Files (x86)\Microsoft SQL Server\140\DTS\Binn\;C:\Program Files\Microsoft SQL Server\140\DTS\Binn\;C:\Program Files\Microsoft SQL Server\Client SDK\ODBC\130\Tools\Binn\;C:\Program Files (x86)\Microsoft SQL Server\Client SDK\ODBC\130\Tools\Binn\;C:\Program Files (x86)\Microsoft SQL Server\140\Tools\Binn\ManagementStudio\;D:\Programas Instalados\nodejs\;C:\ProgramData\chocolatey\bin;C:\Program Files\PuTTY\;%SystemRoot%\system32;%SystemRoot%;%SystemRoot%\System32\Wbem;%SYSTEMROOT%\System32\WindowsPowerShell\v1.0\;%SYSTEMROOT%\System32\OpenSSH\;C:\Users\Marquitus\AppData\Local\Microsoft\WindowsApps;C:\Gradle\bin;;C:\Users\Marquitus\Downloads\sts-bundle\sts-3.9.9.RELEASE;
USERNAME=Marquitus
OS=Windows_NT
PROCESSOR_IDENTIFIER=Intel64 Family 6 Model 158 Stepping 10, GenuineIntel



---------------  S Y S T E M  ---------------

OS: Windows 10.0 , 64 bit Build 18362 (10.0.18362.329)

CPU:total 8 (initial active 8) (4 cores per cpu, 2 threads per core) family 6 model 158 stepping 10, cmov, cx8, fxsr, mmx, sse, sse2, sse3, ssse3, sse4.1, sse4.2, popcnt, avx, avx2, aes, clmul, erms, 3dnowpref, lzcnt, ht, tsc, tscinvbit, bmi1, bmi2, adx

Memory: 4k page, physical 8225140k(1498004k free), swap 15892108k(2842484k free)

vm_info: Java HotSpot(TM) 64-Bit Server VM (25.211-b12) for windows-amd64 JRE (1.8.0_211-b12), built on Apr  1 2019 20:53:26 by "java_re" with MS VC++ 10.0 (VS2010)

time: Sat Nov 30 00:23:25 2019
timezone: Hora verano Sudamérica Pacífico
elapsed time: 285 seconds (0d 0h 4m 45s)

